22:47:36.609 skipping bootstrap configuration: could not find or read file: classpath:karate-config.js
22:47:36.884 request:
1 > GET https://api.collectapi.com/economy/currencyToAll?int=10&base=USD
1 > Accept-Encoding: gzip,deflate
1 > Authorization: apikey 6PRdtFr239xlAtO7HQaLZL:66y9NuCq4t8FbvfRCU2w5h
1 > Connection: Keep-Alive
1 > Content-Type: application/json
1 > Host: api.collectapi.com
1 > User-Agent: Apache-HttpClient/4.5.12 (Java/10)

22:47:38.157 response time in milliseconds: 1263.69
1 < 200
1 < CF-RAY: 6c3cd26dee8f5177-IST
1 < Connection: keep-alive
1 < Content-Type: application/json; charset=utf-8
1 < Date: Sun, 26 Dec 2021 19:47:38 GMT
1 < Expect-CT: max-age=604800, report-uri="https://report-uri.cloudflare.com/cdn-cgi/beacon/expect-ct"
1 < Server: cloudflare
1 < Transfer-Encoding: chunked
1 < access-control-allow-origin: *
1 < alt-svc: h3=":443"; ma=86400, h3-29=":443"; ma=86400, h3-28=":443"; ma=86400, h3-27=":443"; ma=86400
1 < cf-cache-status: DYNAMIC
1 < etag: W/"150d-a2P7kOgFbIxMVeXUmbZ2etuVC7A"
1 < nel: {"success_fraction":0,"report_to":"cf-nel","max_age":604800}
1 < referrer-policy: strict-origin
1 < report-to: {"endpoints":[{"url":"https:\/\/a.nel.cloudflare.com\/report\/v3?s=BQao2ppMNzc%2FHXR2OKECRt6vnPObMxR7BMUaSuLqlS7%2BVdYDoi7DOZNHBKrwI8rMYhWN0tEcUdOEiKRVuZW%2B0ViHKP1WCn5B%2F9uesdD4%2FtS%2Fdo1MGHxKpqXOWpc8L59gYNlO%2BEQ%3D"}],"group":"cf-nel","max_age":604800}
1 < strict-transport-security: max-age=31536000; includeSubDomains; preload
1 < vary: Accept-Encoding
1 < x-content-type-options: nosniff
1 < x-frame-options: SAMEORIGIN
1 < x-powered-by: Express
{"success":true,"result":{"base":"USD","lastupdate":"Dec 26, 2021 19:47 UTC","data":[{"code":"ARS","name":"Argentine Peso","rate":102.228648,"calculatedstr":"1022.29","calculated":1022.29},{"code":"AUD","name":"Australian Dollar","rate":1.384246,"calculatedstr":"13.84","calculated":13.84},{"code":"BHD","name":"Bahraini Dinar","rate":0.376,"calculatedstr":"3.76","calculated":3.76},{"code":"BWP","name":"Botswana Pula","rate":11.746261,"calculatedstr":"117.46","calculated":117.46},{"code":"BRL","name":"Brazilian Real","rate":5.674764,"calculatedstr":"56.75","calculated":56.75},{"code":"BND","name":"Bruneian Dollar","rate":1.357899,"calculatedstr":"13.58","calculated":13.58},{"code":"BGN","name":"Bulgarian Lev","rate":1.727892,"calculatedstr":"17.28","calculated":17.28},{"code":"CAD","name":"Canadian Dollar","rate":1.281148,"calculatedstr":"12.81","calculated":12.81},{"code":"CLP","name":"Chilean Peso","rate":864.320521,"calculatedstr":"8643.21","calculated":8643.21},{"code":"CNY","name":"Chinese Yuan Renminbi","rate":6.367542,"calculatedstr":"63.68","calculated":63.68},{"code":"COP","name":"Colombian Peso","rate":3991.911064,"calculatedstr":"39919.11","calculated":39919.11},{"code":"HRK","name":"Croatian Kuna","rate":6.636442,"calculatedstr":"66.36","calculated":66.36},{"code":"CZK","name":"Czech Koruna","rate":22.108744,"calculatedstr":"221.09","calculated":221.09},{"code":"DKK","name":"Danish Krone","rate":6.569497,"calculatedstr":"65.69","calculated":65.69},{"code":"EUR","name":"Euro","rate":0.883457,"calculatedstr":"8.83","calculated":8.83},{"code":"HKD","name":"Hong Kong Dollar","rate":7.799744,"calculatedstr":"78.00","calculated":78},{"code":"HUF","name":"Hungarian Forint","rate":326.143601,"calculatedstr":"3261.44","calculated":3261.44},{"code":"ISK","name":"Icelandic Krona","rate":130.058943,"calculatedstr":"1300.59","calculated":1300.59},{"code":"INR","name":"Indian Rupee","rate":75.099775,"calculatedstr":"751.00","calculated":751},{"code":"IDR","name":"Indonesian Rupiah","rate":14180.965818,"calculatedstr":"141809.66","calculated":141809.66},{"code":"IRR","name":"Iranian Rial","rate":42215.798188,"calculatedstr":"422157.98","calculated":422157.98},{"code":"ILS","name":"Israeli Shekel","rate":3.151748,"calculatedstr":"31.52","calculated":31.52},{"code":"JPY","name":"Japanese Yen","rate":114.374778,"calculatedstr":"1143.75","calculated":1143.75},{"code":"KZT","name":"Kazakhstani Tenge","rate":436.299355,"calculatedstr":"4362.99","calculated":4362.99},{"code":"KRW","name":"South Korean Won","rate":1186.790644,"calculatedstr":"11867.91","calculated":11867.91},{"code":"KWD","name":"Kuwaiti Dinar","rate":0.302589,"calculatedstr":"3.03","calculated":3.03},{"code":"LYD","name":"Libyan Dinar","rate":4.599725,"calculatedstr":"46.00","calculated":46},{"code":"MYR","name":"Malaysian Ringgit","rate":4.195498,"calculatedstr":"41.95","calculated":41.95},{"code":"MUR","name":"Mauritian Rupee","rate":43.65314,"calculatedstr":"436.53","calculated":436.53},{"code":"MXN","name":"Mexican Peso","rate":20.617741,"calculatedstr":"206.18","calculated":206.18},{"code":"NPR","name":"Nepalese Rupee","rate":120.215965,"calculatedstr":"1202.16","calculated":1202.16},{"code":"NZD","name":"New Zealand Dollar","rate":1.466811,"calculatedstr":"14.67","calculated":14.67},{"code":"NOK","name":"Norwegian Krone","rate":8.849397,"calculatedstr":"88.49","calculated":88.49},{"code":"OMR","name":"Omani Rial","rate":0.3845,"calculatedstr":"3.85","calculated":3.85},{"code":"PKR","name":"Pakistani Rupee","rate":178.190262,"calculatedstr":"1781.90","calculated":1781.9},{"code":"PHP","name":"Philippine Peso","rate":50.029927,"calculatedstr":"500.30","calculated":500.3},{"code":"PLN","name":"Polish Zloty","rate":4.080897,"calculatedstr":"40.81","calculated":40.81},{"code":"QAR","name":"Qatari Riyal","rate":3.64,"calculatedstr":"36.40","calculated":36.4},{"code":"RON","name":"Romanian New Leu","rate":4.372505,"calculatedstr":"43.73","calculated":43.73},{"code":"RUB","name":"Russian Ruble","rate":73.663508,"calculatedstr":"736.64","calculated":736.64},{"code":"SAR","name":"Saudi Arabian Riyal","rate":3.75,"calculatedstr":"37.50","calculated":37.5},{"code":"SGD","name":"Singapore Dollar","rate":1.357899,"calculatedstr":"13.58","calculated":13.58},{"code":"ZAR","name":"South African Rand","rate":15.57891,"calculatedstr":"155.79","calculated":155.79},{"code":"LKR","name":"Sri Lankan Rupee","rate":202.504744,"calculatedstr":"2025.05","calculated":2025.05},{"code":"SEK","name":"Swedish Krona","rate":9.11714,"calculatedstr":"91.17","calculated":91.17},{"code":"CHF","name":"Swiss Franc","rate":0.918923,"calculatedstr":"9.19","calculated":9.19},{"code":"TWD","name":"Taiwan New Dollar","rate":27.74743,"calculatedstr":"277.47","calculated":277.47},{"code":"THB","name":"Thai Baht","rate":33.419964,"calculatedstr":"334.20","calculated":334.2},{"code":"TTD","name":"Trinidadian Dollar","rate":6.788381,"calculatedstr":"67.88","calculated":67.88},{"code":"TRY","name":"Turkish Lira","rate":10.649991,"calculatedstr":"106.50","calculated":106.5},{"code":"AED","name":"Emirati Dirham","rate":3.6725,"calculatedstr":"36.73","calculated":36.73},{"code":"GBP","name":"British Pound","rate":0.746406,"calculatedstr":"7.46","calculated":7.46},{"code":"VES","name":"Venezuelan Bolivar","rate":457798.10732,"calculatedstr":"4577981.07","calculated":4577981.07}]}}

